<?xml version="1.0" encoding="UTF-8"?>
<!-- Generated by org.testng.reporters.JUnitReportReporter -->
<testsuite hostname="DESKTOP-5HSIFLB" failures="0" tests="1" name="jenkins.newproject_jk.Launch" time="3.167" errors="0" timestamp="2023-03-30T13:35:22 IST" skipped="0">
  <testcase classname="jenkins.newproject_jk.Launch" name="browserLaunch" time="3.167"/>
  <system-out/>
</testsuite> <!-- jenkins.newproject_jk.Launch -->
